<?xml version="1.0" encoding="UTF-8"?>
<testsuite name="com.raceoncrew.springboot.domain.posts.PostsRepositoryTest" tests="2" skipped="0" failures="0" errors="0" timestamp="2020-05-05T21:59:57" hostname="itembayui-MacBook-Pro.local" time="0.033">
  <properties/>
  <testcase name="BaseTimeEntity_등록" classname="com.raceoncrew.springboot.domain.posts.PostsRepositoryTest" time="0.021"/>
  <testcase name="load_게시글저장후불러오기" classname="com.raceoncrew.springboot.domain.posts.PostsRepositoryTest" time="0.011"/>
  <system-out><![CDATA[2020-05-06 06:59:55.767  INFO 62266 --- [    Test worker] .b.t.c.SpringBootTestContextBootstrapper : Neither @ContextConfiguration nor @ContextHierarchy found for test class [com.raceoncrew.springboot.domain.posts.PostsRepositoryTest], using SpringBootContextLoader
2020-05-06 06:59:55.768  INFO 62266 --- [    Test worker] o.s.t.c.support.AbstractContextLoader    : Could not detect default resource locations for test class [com.raceoncrew.springboot.domain.posts.PostsRepositoryTest]: no resource found for suffixes {-context.xml, Context.groovy}.
2020-05-06 06:59:55.768  INFO 62266 --- [    Test worker] t.c.s.AnnotationConfigContextLoaderUtils : Could not detect default configuration classes for test class [com.raceoncrew.springboot.domain.posts.PostsRepositoryTest]: PostsRepositoryTest does not declare any static, non-private, non-final, nested classes annotated with @Configuration.
2020-05-06 06:59:55.777  INFO 62266 --- [    Test worker] .b.t.c.SpringBootTestContextBootstrapper : Found @SpringBootConfiguration com.raceoncrew.springboot.Application for test class com.raceoncrew.springboot.domain.posts.PostsRepositoryTest
2020-05-06 06:59:55.779  INFO 62266 --- [    Test worker] .b.t.c.SpringBootTestContextBootstrapper : Loaded default TestExecutionListener class names from location [META-INF/spring.factories]: [org.springframework.security.test.context.support.WithSecurityContextTestExecutionListener, org.springframework.security.test.context.support.ReactorContextTestExecutionListener, org.springframework.boot.test.autoconfigure.restdocs.RestDocsTestExecutionListener, org.springframework.boot.test.autoconfigure.web.client.MockRestServiceServerResetTestExecutionListener, org.springframework.boot.test.autoconfigure.web.servlet.MockMvcPrintOnlyOnFailureTestExecutionListener, org.springframework.boot.test.autoconfigure.web.servlet.WebDriverTestExecutionListener, org.springframework.boot.test.mock.mockito.MockitoTestExecutionListener, org.springframework.boot.test.mock.mockito.ResetMocksTestExecutionListener, org.springframework.test.context.web.ServletTestExecutionListener, org.springframework.test.context.support.DirtiesContextBeforeModesTestExecutionListener, org.springframework.test.context.support.DependencyInjectionTestExecutionListener, org.springframework.test.context.support.DirtiesContextTestExecutionListener, org.springframework.test.context.transaction.TransactionalTestExecutionListener, org.springframework.test.context.jdbc.SqlScriptsTestExecutionListener]
2020-05-06 06:59:55.780  INFO 62266 --- [    Test worker] .b.t.c.SpringBootTestContextBootstrapper : Using TestExecutionListeners: [org.springframework.test.context.web.ServletTestExecutionListener@dfcee96, org.springframework.test.context.support.DirtiesContextBeforeModesTestExecutionListener@17dfaa8d, org.springframework.boot.test.mock.mockito.MockitoTestExecutionListener@3b548c80, org.springframework.boot.test.autoconfigure.SpringBootDependencyInjectionTestExecutionListener@1232f335, org.springframework.test.context.support.DirtiesContextTestExecutionListener@785037bb, org.springframework.test.context.transaction.TransactionalTestExecutionListener@123171fe, org.springframework.test.context.jdbc.SqlScriptsTestExecutionListener@d9edfb4, org.springframework.security.test.context.support.WithSecurityContextTestExecutionListener@8302e69, org.springframework.security.test.context.support.ReactorContextTestExecutionListener@71242d3b, org.springframework.boot.test.autoconfigure.restdocs.RestDocsTestExecutionListener@68830c60, org.springframework.boot.test.autoconfigure.web.client.MockRestServiceServerResetTestExecutionListener@131b0dbb, org.springframework.boot.test.autoconfigure.web.servlet.MockMvcPrintOnlyOnFailureTestExecutionListener@1ad12ad7, org.springframework.boot.test.autoconfigure.web.servlet.WebDriverTestExecutionListener@4a4c8143, org.springframework.boot.test.mock.mockito.ResetMocksTestExecutionListener@3a5c6466]

  .   ____          _            __ _ _
 /\\ / ___'_ __ _ _(_)_ __  __ _ \ \ \ \
( ( )\___ | '_ | '_| | '_ \/ _` | \ \ \ \
 \\/  ___)| |_)| | | | | || (_| |  ) ) ) )
  '  |____| .__|_| |_|_| |_\__, | / / / /
 =========|_|==============|___/=/_/_/_/
 :: Spring Boot ::        (v2.1.7.RELEASE)

2020-05-06 06:59:55.809  INFO 62266 --- [    Test worker] c.r.s.domain.posts.PostsRepositoryTest   : Starting PostsRepositoryTest on itembayui-MacBook-Pro.local with PID 62266 (started by itembay in /Users/itembay/IdeaProjects/web)
2020-05-06 06:59:55.809  INFO 62266 --- [    Test worker] c.r.s.domain.posts.PostsRepositoryTest   : No active profile set, falling back to default profiles: default
2020-05-06 06:59:56.161  INFO 62266 --- [    Test worker] .s.d.r.c.RepositoryConfigurationDelegate : Bootstrapping Spring Data repositories in DEFAULT mode.
2020-05-06 06:59:56.175  INFO 62266 --- [    Test worker] .s.d.r.c.RepositoryConfigurationDelegate : Finished Spring Data repository scanning in 14ms. Found 2 repository interfaces.
2020-05-06 06:59:56.287  INFO 62266 --- [    Test worker] trationDelegate$BeanPostProcessorChecker : Bean 'org.springframework.transaction.annotation.ProxyTransactionManagementConfiguration' of type [org.springframework.transaction.annotation.ProxyTransactionManagementConfiguration$$EnhancerBySpringCGLIB$$50020f79] is not eligible for getting processed by all BeanPostProcessors (for example: not eligible for auto-proxying)
2020-05-06 06:59:56.384  INFO 62266 --- [    Test worker] com.zaxxer.hikari.HikariDataSource       : HikariPool-2 - Starting...
2020-05-06 06:59:56.386  INFO 62266 --- [    Test worker] com.zaxxer.hikari.HikariDataSource       : HikariPool-2 - Start completed.
2020-05-06 06:59:56.407  INFO 62266 --- [    Test worker] o.hibernate.jpa.internal.util.LogHelper  : HHH000204: Processing PersistenceUnitInfo [
	name: default
	...]
2020-05-06 06:59:56.415  INFO 62266 --- [    Test worker] org.hibernate.dialect.Dialect            : HHH000400: Using dialect: org.hibernate.dialect.MySQL5Dialect
Hibernate: drop table if exists posts
Hibernate: drop table if exists user
Hibernate: create table posts (id bigint not null auto_increment, created_date datetime, modified_date datetime, author varchar(255), content TEXT not null, title varchar(500) not null, primary key (id)) engine=MyISAM
Hibernate: create table user (id bigint not null auto_increment, created_date datetime, modified_date datetime, email varchar(255) not null, name varchar(255) not null, picture varchar(255), role varchar(255) not null, primary key (id)) engine=MyISAM
2020-05-06 06:59:56.465  INFO 62266 --- [    Test worker] o.h.t.schema.internal.SchemaCreatorImpl  : HHH000476: Executing import script 'org.hibernate.tool.schema.internal.exec.ScriptSourceInputNonExistentImpl@774bf7c6'
2020-05-06 06:59:56.466  INFO 62266 --- [    Test worker] j.LocalContainerEntityManagerFactoryBean : Initialized JPA EntityManagerFactory for persistence unit 'default'
2020-05-06 06:59:56.689  INFO 62266 --- [    Test worker] o.h.h.i.QueryTranslatorFactoryInitiator  : HHH000397: Using ASTQueryTranslatorFactory
2020-05-06 06:59:56.895  WARN 62266 --- [    Test worker] aWebConfiguration$JpaWebMvcConfiguration : spring.jpa.open-in-view is enabled by default. Therefore, database queries may be performed during view rendering. Explicitly configure spring.jpa.open-in-view to disable this warning
2020-05-06 06:59:57.145  INFO 62266 --- [    Test worker] o.s.s.web.DefaultSecurityFilterChain     : Creating filter chain: any request, [org.springframework.security.web.context.request.async.WebAsyncManagerIntegrationFilter@a5b1c9c, org.springframework.security.web.context.SecurityContextPersistenceFilter@39eb7260, org.springframework.security.web.header.HeaderWriterFilter@e97e45b, org.springframework.security.web.authentication.logout.LogoutFilter@21a052b1, org.springframework.security.oauth2.client.web.OAuth2AuthorizationRequestRedirectFilter@56667a3c, org.springframework.security.oauth2.client.web.OAuth2LoginAuthenticationFilter@4c9214fa, org.springframework.security.web.authentication.ui.DefaultLoginPageGeneratingFilter@433a40c4, org.springframework.security.web.authentication.ui.DefaultLogoutPageGeneratingFilter@43fc06e0, org.springframework.security.web.savedrequest.RequestCacheAwareFilter@79276e5a, org.springframework.security.web.servletapi.SecurityContextHolderAwareRequestFilter@48a3e819, org.springframework.security.web.authentication.AnonymousAuthenticationFilter@262e2339, org.springframework.security.web.session.SessionManagementFilter@4009637a, org.springframework.security.web.access.ExceptionTranslationFilter@60340700, org.springframework.security.web.access.intercept.FilterSecurityInterceptor@6ec4f552]
2020-05-06 06:59:57.396  INFO 62266 --- [    Test worker] o.s.s.concurrent.ThreadPoolTaskExecutor  : Initializing ExecutorService 'applicationTaskExecutor'
2020-05-06 06:59:57.422  INFO 62266 --- [    Test worker] o.s.b.a.w.s.WelcomePageHandlerMapping    : Adding welcome page template: index
2020-05-06 06:59:57.721  INFO 62266 --- [    Test worker] d.s.w.p.DocumentationPluginsBootstrapper : Context refreshed
2020-05-06 06:59:57.723  INFO 62266 --- [    Test worker] d.s.w.p.DocumentationPluginsBootstrapper : Found 1 custom documentation plugin(s)
2020-05-06 06:59:57.724  INFO 62266 --- [    Test worker] s.d.s.w.s.ApiListingReferenceScanner     : Scanning for api listing references
2020-05-06 06:59:57.759  INFO 62266 --- [    Test worker] s.a.ScheduledAnnotationBeanPostProcessor : No TaskScheduler/ScheduledExecutorService bean found for scheduled processing
2020-05-06 06:59:57.761  INFO 62266 --- [    Test worker] c.r.s.domain.posts.PostsRepositoryTest   : Started PostsRepositoryTest in 1.978 seconds (JVM running for 13.008)
Hibernate: insert into posts (created_date, modified_date, author, content, title) values (?, ?, ?, ?, ?)
Hibernate: select posts0_.id as id1_0_, posts0_.created_date as created_2_0_, posts0_.modified_date as modified3_0_, posts0_.author as author4_0_, posts0_.content as content5_0_, posts0_.title as title6_0_ from posts posts0_
>>>>>>>>>> createDate=2020-05-06T06:59:57.775, modifiedDate=2020-05-06T06:59:57.775
Hibernate: select posts0_.id as id1_0_, posts0_.created_date as created_2_0_, posts0_.modified_date as modified3_0_, posts0_.author as author4_0_, posts0_.content as content5_0_, posts0_.title as title6_0_ from posts posts0_
Hibernate: delete from posts where id=?
Hibernate: insert into posts (created_date, modified_date, author, content, title) values (?, ?, ?, ?, ?)
Hibernate: select posts0_.id as id1_0_, posts0_.created_date as created_2_0_, posts0_.modified_date as modified3_0_, posts0_.author as author4_0_, posts0_.content as content5_0_, posts0_.title as title6_0_ from posts posts0_
Hibernate: select posts0_.id as id1_0_, posts0_.created_date as created_2_0_, posts0_.modified_date as modified3_0_, posts0_.author as author4_0_, posts0_.content as content5_0_, posts0_.title as title6_0_ from posts posts0_
Hibernate: delete from posts where id=?
]]></system-out>
  <system-err><![CDATA[]]></system-err>
</testsuite>
