<?xml version="1.0" encoding="UTF-8"?>
<testsuite name="com.raceoncrew.springboot.Dto.HelloResponseDtoTest" tests="1" skipped="0" failures="0" errors="0" timestamp="2020-05-05T21:59:49" hostname="itembayui-MacBook-Pro.local" time="0.069">
  <properties/>
  <testcase name="롬복_기능_테스트" classname="com.raceoncrew.springboot.Dto.HelloResponseDtoTest" time="0.069"/>
  <system-out><![CDATA[]]></system-out>
  <system-err><![CDATA[]]></system-err>
</testsuite>
