<?xml version="1.0" encoding="UTF-8"?>
<testsuite name="com.raceoncrew.springboot.HelloControllerTest" tests="2" skipped="0" failures="0" errors="0" timestamp="2020-05-05T21:59:48" hostname="itembayui-MacBook-Pro.local" time="0.417">
  <properties/>
  <testcase name="hello_테스트" classname="com.raceoncrew.springboot.HelloControllerTest" time="0.307"/>
  <testcase name="helloDto_테스트" classname="com.raceoncrew.springboot.HelloControllerTest" time="0.109"/>
  <system-out><![CDATA[06:59:45.563 [Test worker] DEBUG org.springframework.test.context.junit4.SpringJUnit4ClassRunner - SpringJUnit4ClassRunner constructor called with [class com.raceoncrew.springboot.HelloControllerTest]
06:59:45.571 [Test worker] DEBUG org.springframework.test.context.BootstrapUtils - Instantiating CacheAwareContextLoaderDelegate from class [org.springframework.test.context.cache.DefaultCacheAwareContextLoaderDelegate]
06:59:45.580 [Test worker] DEBUG org.springframework.test.context.BootstrapUtils - Instantiating BootstrapContext using constructor [public org.springframework.test.context.support.DefaultBootstrapContext(java.lang.Class,org.springframework.test.context.CacheAwareContextLoaderDelegate)]
06:59:45.601 [Test worker] DEBUG org.springframework.test.context.BootstrapUtils - Instantiating TestContextBootstrapper for test class [com.raceoncrew.springboot.HelloControllerTest] from class [org.springframework.boot.test.autoconfigure.web.servlet.WebMvcTestContextBootstrapper]
06:59:45.620 [Test worker] INFO org.springframework.boot.test.autoconfigure.web.servlet.WebMvcTestContextBootstrapper - Neither @ContextConfiguration nor @ContextHierarchy found for test class [com.raceoncrew.springboot.HelloControllerTest], using SpringBootContextLoader
06:59:45.623 [Test worker] DEBUG org.springframework.test.context.support.AbstractContextLoader - Did not detect default resource location for test class [com.raceoncrew.springboot.HelloControllerTest]: class path resource [com/raceoncrew/springboot/HelloControllerTest-context.xml] does not exist
06:59:45.623 [Test worker] DEBUG org.springframework.test.context.support.AbstractContextLoader - Did not detect default resource location for test class [com.raceoncrew.springboot.HelloControllerTest]: class path resource [com/raceoncrew/springboot/HelloControllerTestContext.groovy] does not exist
06:59:45.624 [Test worker] INFO org.springframework.test.context.support.AbstractContextLoader - Could not detect default resource locations for test class [com.raceoncrew.springboot.HelloControllerTest]: no resource found for suffixes {-context.xml, Context.groovy}.
06:59:45.625 [Test worker] INFO org.springframework.test.context.support.AnnotationConfigContextLoaderUtils - Could not detect default configuration classes for test class [com.raceoncrew.springboot.HelloControllerTest]: HelloControllerTest does not declare any static, non-private, non-final, nested classes annotated with @Configuration.
06:59:45.704 [Test worker] DEBUG org.springframework.test.context.support.ActiveProfilesUtils - Could not find an 'annotation declaring class' for annotation type [org.springframework.test.context.ActiveProfiles] and class [com.raceoncrew.springboot.HelloControllerTest]
06:59:45.776 [Test worker] DEBUG org.springframework.context.annotation.ClassPathScanningCandidateComponentProvider - Identified candidate component class: file [/Users/itembay/IdeaProjects/web/build/classes/java/main/com/raceoncrew/springboot/Application.class]
06:59:45.777 [Test worker] INFO org.springframework.boot.test.context.SpringBootTestContextBootstrapper - Found @SpringBootConfiguration com.raceoncrew.springboot.Application for test class com.raceoncrew.springboot.HelloControllerTest
06:59:45.779 [Test worker] DEBUG org.springframework.boot.test.autoconfigure.web.servlet.WebMvcTestContextBootstrapper - @TestExecutionListeners is not present for class [com.raceoncrew.springboot.HelloControllerTest]: using defaults.
06:59:45.780 [Test worker] INFO org.springframework.boot.test.autoconfigure.web.servlet.WebMvcTestContextBootstrapper - Loaded default TestExecutionListener class names from location [META-INF/spring.factories]: [org.springframework.security.test.context.support.WithSecurityContextTestExecutionListener, org.springframework.security.test.context.support.ReactorContextTestExecutionListener, org.springframework.boot.test.autoconfigure.restdocs.RestDocsTestExecutionListener, org.springframework.boot.test.autoconfigure.web.client.MockRestServiceServerResetTestExecutionListener, org.springframework.boot.test.autoconfigure.web.servlet.MockMvcPrintOnlyOnFailureTestExecutionListener, org.springframework.boot.test.autoconfigure.web.servlet.WebDriverTestExecutionListener, org.springframework.boot.test.mock.mockito.MockitoTestExecutionListener, org.springframework.boot.test.mock.mockito.ResetMocksTestExecutionListener, org.springframework.test.context.web.ServletTestExecutionListener, org.springframework.test.context.support.DirtiesContextBeforeModesTestExecutionListener, org.springframework.test.context.support.DependencyInjectionTestExecutionListener, org.springframework.test.context.support.DirtiesContextTestExecutionListener, org.springframework.test.context.transaction.TransactionalTestExecutionListener, org.springframework.test.context.jdbc.SqlScriptsTestExecutionListener]
06:59:45.804 [Test worker] INFO org.springframework.boot.test.autoconfigure.web.servlet.WebMvcTestContextBootstrapper - Using TestExecutionListeners: [org.springframework.test.context.web.ServletTestExecutionListener@5541e194, org.springframework.test.context.support.DirtiesContextBeforeModesTestExecutionListener@1d65dcfa, org.springframework.boot.test.mock.mockito.MockitoTestExecutionListener@28d716df, org.springframework.boot.test.autoconfigure.SpringBootDependencyInjectionTestExecutionListener@f66aef0, org.springframework.test.context.support.DirtiesContextTestExecutionListener@55f1a3c9, org.springframework.test.context.transaction.TransactionalTestExecutionListener@66c03781, org.springframework.test.context.jdbc.SqlScriptsTestExecutionListener@7631b468, org.springframework.security.test.context.support.WithSecurityContextTestExecutionListener@4c1a9570, org.springframework.security.test.context.support.ReactorContextTestExecutionListener@14ad88d1, org.springframework.boot.test.autoconfigure.restdocs.RestDocsTestExecutionListener@73b6d9fa, org.springframework.boot.test.autoconfigure.web.client.MockRestServiceServerResetTestExecutionListener@85fa110, org.springframework.boot.test.autoconfigure.web.servlet.MockMvcPrintOnlyOnFailureTestExecutionListener@10f6147e, org.springframework.boot.test.autoconfigure.web.servlet.WebDriverTestExecutionListener@68e5edb1, org.springframework.boot.test.mock.mockito.ResetMocksTestExecutionListener@2dd9905e]
06:59:45.807 [Test worker] DEBUG org.springframework.test.annotation.ProfileValueUtils - Retrieved @ProfileValueSourceConfiguration [null] for test class [com.raceoncrew.springboot.HelloControllerTest]
06:59:45.808 [Test worker] DEBUG org.springframework.test.annotation.ProfileValueUtils - Retrieved ProfileValueSource type [class org.springframework.test.annotation.SystemProfileValueSource] for class [com.raceoncrew.springboot.HelloControllerTest]
06:59:45.809 [Test worker] DEBUG org.springframework.test.annotation.ProfileValueUtils - Retrieved @ProfileValueSourceConfiguration [null] for test class [com.raceoncrew.springboot.HelloControllerTest]
06:59:45.809 [Test worker] DEBUG org.springframework.test.annotation.ProfileValueUtils - Retrieved ProfileValueSource type [class org.springframework.test.annotation.SystemProfileValueSource] for class [com.raceoncrew.springboot.HelloControllerTest]
06:59:45.814 [Test worker] DEBUG org.springframework.test.context.support.AbstractDirtiesContextTestExecutionListener - Before test class: context [DefaultTestContext@3f25ffdc testClass = HelloControllerTest, testInstance = [null], testMethod = [null], testException = [null], mergedContextConfiguration = [WebMergedContextConfiguration@63fbb1b4 testClass = HelloControllerTest, locations = '{}', classes = '{class com.raceoncrew.springboot.Application}', contextInitializerClasses = '[]', activeProfiles = '{}', propertySourceLocations = '{}', propertySourceProperties = '{org.springframework.boot.test.autoconfigure.web.servlet.WebMvcTestContextBootstrapper=true}', contextCustomizers = set[org.springframework.boot.test.autoconfigure.OverrideAutoConfigurationContextCustomizerFactory$DisableAutoConfigurationContextCustomizer@7ed0b877, org.springframework.boot.test.autoconfigure.filter.TypeExcludeFiltersContextCustomizer@ec47bac8, org.springframework.boot.test.autoconfigure.properties.PropertyMappingContextCustomizer@acf7279c, org.springframework.boot.test.autoconfigure.web.servlet.WebDriverContextCustomizerFactory$Customizer@597fe8b3, [ImportsContextCustomizer@76581a87 key = [org.springframework.boot.autoconfigure.cache.CacheAutoConfiguration, org.springframework.boot.autoconfigure.context.MessageSourceAutoConfiguration, org.springframework.boot.autoconfigure.data.web.SpringDataWebAutoConfiguration, org.springframework.boot.autoconfigure.freemarker.FreeMarkerAutoConfiguration, org.springframework.boot.autoconfigure.groovy.template.GroovyTemplateAutoConfiguration, org.springframework.boot.autoconfigure.gson.GsonAutoConfiguration, org.springframework.boot.autoconfigure.hateoas.HypermediaAutoConfiguration, org.springframework.boot.autoconfigure.http.HttpMessageConvertersAutoConfiguration, org.springframework.boot.autoconfigure.jackson.JacksonAutoConfiguration, org.springframework.boot.autoconfigure.jsonb.JsonbAutoConfiguration, org.springframework.boot.autoconfigure.mustache.MustacheAutoConfiguration, org.springframework.boot.autoconfigure.task.TaskExecutionAutoConfiguration, org.springframework.boot.autoconfigure.thymeleaf.ThymeleafAutoConfiguration, org.springframework.boot.autoconfigure.validation.ValidationAutoConfiguration, org.springframework.boot.autoconfigure.web.servlet.error.ErrorMvcAutoConfiguration, org.springframework.boot.autoconfigure.web.servlet.WebMvcAutoConfiguration, org.springframework.boot.test.autoconfigure.web.servlet.MockMvcAutoConfiguration, org.springframework.boot.test.autoconfigure.web.servlet.MockMvcSecurityAutoConfiguration, org.springframework.boot.test.autoconfigure.web.servlet.MockMvcWebClientAutoConfiguration, org.springframework.boot.test.autoconfigure.web.servlet.MockMvcWebDriverAutoConfiguration]], org.springframework.boot.test.context.filter.ExcludeFilterContextCustomizer@1e8ca8af, org.springframework.boot.test.json.DuplicateJsonObjectContextCustomizerFactory$DuplicateJsonObjectContextCustomizer@5e585607, org.springframework.boot.test.mock.mockito.MockitoContextCustomizer@0], resourceBasePath = 'src/main/webapp', contextLoader = 'org.springframework.boot.test.context.SpringBootContextLoader', parent = [null]], attributes = map[[empty]]], class annotated with @DirtiesContext [false] with mode [null].
06:59:45.815 [Test worker] DEBUG org.springframework.test.annotation.ProfileValueUtils - Retrieved @ProfileValueSourceConfiguration [null] for test class [com.raceoncrew.springboot.HelloControllerTest]
06:59:45.815 [Test worker] DEBUG org.springframework.test.annotation.ProfileValueUtils - Retrieved ProfileValueSource type [class org.springframework.test.annotation.SystemProfileValueSource] for class [com.raceoncrew.springboot.HelloControllerTest]
06:59:45.824 [Test worker] DEBUG org.springframework.test.context.support.DependencyInjectionTestExecutionListener - Performing dependency injection for test context [[DefaultTestContext@3f25ffdc testClass = HelloControllerTest, testInstance = com.raceoncrew.springboot.HelloControllerTest@60600796, testMethod = [null], testException = [null], mergedContextConfiguration = [WebMergedContextConfiguration@63fbb1b4 testClass = HelloControllerTest, locations = '{}', classes = '{class com.raceoncrew.springboot.Application}', contextInitializerClasses = '[]', activeProfiles = '{}', propertySourceLocations = '{}', propertySourceProperties = '{org.springframework.boot.test.autoconfigure.web.servlet.WebMvcTestContextBootstrapper=true}', contextCustomizers = set[org.springframework.boot.test.autoconfigure.OverrideAutoConfigurationContextCustomizerFactory$DisableAutoConfigurationContextCustomizer@7ed0b877, org.springframework.boot.test.autoconfigure.filter.TypeExcludeFiltersContextCustomizer@ec47bac8, org.springframework.boot.test.autoconfigure.properties.PropertyMappingContextCustomizer@acf7279c, org.springframework.boot.test.autoconfigure.web.servlet.WebDriverContextCustomizerFactory$Customizer@597fe8b3, [ImportsContextCustomizer@76581a87 key = [org.springframework.boot.autoconfigure.cache.CacheAutoConfiguration, org.springframework.boot.autoconfigure.context.MessageSourceAutoConfiguration, org.springframework.boot.autoconfigure.data.web.SpringDataWebAutoConfiguration, org.springframework.boot.autoconfigure.freemarker.FreeMarkerAutoConfiguration, org.springframework.boot.autoconfigure.groovy.template.GroovyTemplateAutoConfiguration, org.springframework.boot.autoconfigure.gson.GsonAutoConfiguration, org.springframework.boot.autoconfigure.hateoas.HypermediaAutoConfiguration, org.springframework.boot.autoconfigure.http.HttpMessageConvertersAutoConfiguration, org.springframework.boot.autoconfigure.jackson.JacksonAutoConfiguration, org.springframework.boot.autoconfigure.jsonb.JsonbAutoConfiguration, org.springframework.boot.autoconfigure.mustache.MustacheAutoConfiguration, org.springframework.boot.autoconfigure.task.TaskExecutionAutoConfiguration, org.springframework.boot.autoconfigure.thymeleaf.ThymeleafAutoConfiguration, org.springframework.boot.autoconfigure.validation.ValidationAutoConfiguration, org.springframework.boot.autoconfigure.web.servlet.error.ErrorMvcAutoConfiguration, org.springframework.boot.autoconfigure.web.servlet.WebMvcAutoConfiguration, org.springframework.boot.test.autoconfigure.web.servlet.MockMvcAutoConfiguration, org.springframework.boot.test.autoconfigure.web.servlet.MockMvcSecurityAutoConfiguration, org.springframework.boot.test.autoconfigure.web.servlet.MockMvcWebClientAutoConfiguration, org.springframework.boot.test.autoconfigure.web.servlet.MockMvcWebDriverAutoConfiguration]], org.springframework.boot.test.context.filter.ExcludeFilterContextCustomizer@1e8ca8af, org.springframework.boot.test.json.DuplicateJsonObjectContextCustomizerFactory$DuplicateJsonObjectContextCustomizer@5e585607, org.springframework.boot.test.mock.mockito.MockitoContextCustomizer@0], resourceBasePath = 'src/main/webapp', contextLoader = 'org.springframework.boot.test.context.SpringBootContextLoader', parent = [null]], attributes = map[[empty]]]].
06:59:45.947 [Test worker] DEBUG org.springframework.test.context.support.TestPropertySourceUtils - Adding inlined properties to environment: {spring.jmx.enabled=false, org.springframework.boot.test.autoconfigure.web.servlet.WebMvcTestContextBootstrapper=true, server.port=-1}

  .   ____          _            __ _ _
 /\\ / ___'_ __ _ _(_)_ __  __ _ \ \ \ \
( ( )\___ | '_ | '_| | '_ \/ _` | \ \ \ \
 \\/  ___)| |_)| | | | | || (_| |  ) ) ) )
  '  |____| .__|_| |_|_| |_\__, | / / / /
 =========|_|==============|___/=/_/_/_/
 :: Spring Boot ::        (v2.1.7.RELEASE)

2020-05-06 06:59:46.226  INFO 62266 --- [    Test worker] c.r.springboot.HelloControllerTest       : Starting HelloControllerTest on itembayui-MacBook-Pro.local with PID 62266 (started by itembay in /Users/itembay/IdeaProjects/web)
2020-05-06 06:59:46.231  INFO 62266 --- [    Test worker] c.r.springboot.HelloControllerTest       : No active profile set, falling back to default profiles: default
2020-05-06 06:59:47.834  INFO 62266 --- [    Test worker] o.s.s.concurrent.ThreadPoolTaskExecutor  : Initializing ExecutorService 'applicationTaskExecutor'
2020-05-06 06:59:47.931  INFO 62266 --- [    Test worker] o.s.b.a.w.s.WelcomePageHandlerMapping    : Adding welcome page template: index
2020-05-06 06:59:48.294  INFO 62266 --- [    Test worker] .s.s.UserDetailsServiceAutoConfiguration : 

Using generated security password: cd785842-8ee0-4c47-a8a2-343257814a36

2020-05-06 06:59:48.573  INFO 62266 --- [    Test worker] o.s.s.web.DefaultSecurityFilterChain     : Creating filter chain: any request, [org.springframework.security.web.context.request.async.WebAsyncManagerIntegrationFilter@44c3eebd, org.springframework.security.web.context.SecurityContextPersistenceFilter@3b175141, org.springframework.security.web.header.HeaderWriterFilter@71aadacc, org.springframework.security.web.csrf.CsrfFilter@316d2e76, org.springframework.security.web.authentication.logout.LogoutFilter@792759b0, org.springframework.security.web.authentication.UsernamePasswordAuthenticationFilter@1a95094, org.springframework.security.web.authentication.ui.DefaultLoginPageGeneratingFilter@42a4cea2, org.springframework.security.web.authentication.ui.DefaultLogoutPageGeneratingFilter@3ad8a9b1, org.springframework.security.web.authentication.www.BasicAuthenticationFilter@1036c6eb, org.springframework.security.web.savedrequest.RequestCacheAwareFilter@5479552b, org.springframework.security.web.servletapi.SecurityContextHolderAwareRequestFilter@1ad1a9d, org.springframework.security.web.authentication.AnonymousAuthenticationFilter@6ae1aaf1, org.springframework.security.web.session.SessionManagementFilter@176668f8, org.springframework.security.web.access.ExceptionTranslationFilter@3ad90670, org.springframework.security.web.access.intercept.FilterSecurityInterceptor@6861a052]
2020-05-06 06:59:48.616  INFO 62266 --- [    Test worker] o.s.b.t.m.w.SpringBootMockServletContext : Initializing Spring TestDispatcherServlet ''
2020-05-06 06:59:48.616  INFO 62266 --- [    Test worker] o.s.t.web.servlet.TestDispatcherServlet  : Initializing Servlet ''
2020-05-06 06:59:48.629  INFO 62266 --- [    Test worker] o.s.t.web.servlet.TestDispatcherServlet  : Completed initialization in 13 ms
2020-05-06 06:59:48.686  INFO 62266 --- [    Test worker] c.r.springboot.HelloControllerTest       : Started HelloControllerTest in 2.728 seconds (JVM running for 3.933)
2020-05-06 06:59:48.937  INFO 62266 --- [    Test worker] o.s.b.t.m.w.SpringBootMockServletContext : Initializing Spring TestDispatcherServlet ''
2020-05-06 06:59:48.938  INFO 62266 --- [    Test worker] o.s.t.web.servlet.TestDispatcherServlet  : Initializing Servlet ''
2020-05-06 06:59:48.940  INFO 62266 --- [    Test worker] o.s.t.web.servlet.TestDispatcherServlet  : Completed initialization in 2 ms
2020-05-06 06:59:49.005  INFO 62266 --- [    Test worker] o.s.b.t.m.w.SpringBootMockServletContext : Initializing Spring TestDispatcherServlet ''
2020-05-06 06:59:49.005  INFO 62266 --- [    Test worker] o.s.t.web.servlet.TestDispatcherServlet  : Initializing Servlet ''
2020-05-06 06:59:49.008  INFO 62266 --- [    Test worker] o.s.t.web.servlet.TestDispatcherServlet  : Completed initialization in 2 ms
]]></system-out>
  <system-err><![CDATA[]]></system-err>
</testsuite>
